<?xml version="1.0" encoding="UTF-8"?>
<!-- Generated by org.testng.reporters.JUnitXMLReporter -->
<testsuite hostname="Meena-DT-PC" name="LoginTest" tests="5" failures="0" timestamp="11 Mar 2016 18:26:38 GMT" time="5.124" errors="0">
  <testcase name="testLogin" time="0.908" classname="com.test.LoginPageTest"/>
  <testcase name="testLogin" time="0.869" classname="com.test.LoginPageTest"/>
  <testcase name="testLogin" time="0.768" classname="com.test.LoginPageTest"/>
  <testcase name="testLogin" time="1.253" classname="com.test.LoginPageTest"/>
  <testcase name="testPerformLogout" time="0.66" classname="com.test.LoginPageTest"/>
</testsuite> <!-- LoginTest -->
